<?xml version="1.0" encoding="UTF-8"?>
<!-- Generated by org.testng.reporters.JUnitXMLReporter -->
<testsuite hostname="pratik" name="Test2" tests="1" failures="1" timestamp="11 Mar 2016 09:31:01 GMT" time="24.141" errors="0">
  <testcase name="@AfterClass destoryOpenSettingClass" time="0.0" classname="com.volProject.AppiumDemo.OpenSettings">
    <failure type="java.lang.NullPointerException">
      <![CDATA[java.lang.NullPointerException
	at com.volProject.AppiumDemo.OpenSettings.destoryOpenSettingClass(OpenSettings.java:38)
... Removed 24 stack frames]]>
    </failure>
  </testcase> <!-- @AfterClass destoryOpenSettingClass -->
  <testcase name="test1" time="0.001" classname="com.volProject.AppiumDemo.OpenSettings">
    <failure type="java.lang.NullPointerException">
      <![CDATA[java.lang.NullPointerException
	at com.volProject.AppiumDemo.OpenSettings.test1(OpenSettings.java:29)
... Removed 24 stack frames]]>
    </failure>
  </testcase> <!-- test1 -->
</testsuite> <!-- Test2 -->
