<?xml version="1.0" encoding="UTF-8"?>
<!-- Generated by org.testng.reporters.JUnitXMLReporter -->
<testsuite hostname="pratik" name="Test" tests="3" failures="0" timestamp="9 Mar 2016 13:48:46 GMT" time="34.811" errors="0">
  <testcase name="fF" time="1.564" classname="com.volProject.AppiumDemo.firstTest"/>
  <testcase name="fF" time="3.382" classname="com.volProject.AppiumDemo.secondTest"/>
  <testcase name="fF" time="3.188" classname="com.volProject.AppiumDemo.SwipeTest"/>
</testsuite> <!-- Test -->
