<?xml version="1.0" encoding="UTF-8"?>
<!-- Generated by org.testng.reporters.JUnitXMLReporter -->
<testsuite hostname="pratik" name="Command line test" tests="3" failures="2" timestamp="9 Mar 2016 12:41:24 GMT" time="14.085" errors="0">
  <testcase name="@AfterTest afterClassF" time="0.0" classname="com.volProject.AppiumDemo.SwipeTest">
    <failure type="java.lang.NullPointerException">
      <![CDATA[java.lang.NullPointerException
	at com.volProject.AppiumDemo.firstTest.afterClassF(firstTest.java:47)
... Removed 32 stack frames]]>
    </failure>
  </testcase> <!-- @AfterTest afterClassF -->
  <testcase name="@AfterTest afterClass" time="0.0" classname="com.volProject.AppiumDemo.SwipeTest">
    <skipped/>
  </testcase> <!-- @AfterTest afterClass -->
  <testcase name="fF" time="3.42" classname="com.volProject.AppiumDemo.SwipeTest"/>
  <testcase name="fF" time="0.0" classname="com.volProject.AppiumDemo.firstTest">
    <failure type="java.lang.NullPointerException">
      <![CDATA[java.lang.NullPointerException
	at com.volProject.AppiumDemo.firstTest.fF(firstTest.java:31)
... Removed 34 stack frames]]>
    </failure>
  </testcase> <!-- fF -->
  <testcase name="f" time="0.0" classname="com.volProject.AppiumDemo.secondTest">
    <failure type="java.lang.NullPointerException">
      <![CDATA[java.lang.NullPointerException
	at com.volProject.AppiumDemo.secondTest.f(secondTest.java:27)
... Removed 34 stack frames]]>
    </failure>
  </testcase> <!-- f -->
</testsuite> <!-- Command line test -->
